{"/Users/onkesh/coding_assignment/coding-test-adv/routes/animal.js": {"path":"/Users/onkesh/coding_assignment/coding-test-adv/routes/animal.js","statementMap":{"0":{"start":{"line":1,"column":16},"end":{"line":1,"column":34}},"1":{"start":{"line":3,"column":19},"end":{"line":3,"column":42}},"2":{"start":{"line":4,"column":15},"end":{"line":4,"column":34}},"3":{"start":{"line":6,"column":15},"end":{"line":6,"column":31}},"4":{"start":{"line":9,"column":0},"end":{"line":9,"column":38}},"5":{"start":{"line":10,"column":0},"end":{"line":10,"column":30}},"6":{"start":{"line":12,"column":0},"end":{"line":12,"column":24}}},"fnMap":{},"branchMap":{},"s":{"0":1,"1":1,"2":1,"3":1,"4":1,"5":1,"6":1},"f":{},"b":{},"_coverageSchema":"1a1c01bbd47fc00a2c39e90264f33305004495a9","hash":"e71c71864676d3b93fb271883e5b296c2c0afde0"}
,"/Users/onkesh/coding_assignment/coding-test-adv/routes/auth.js": {"path":"/Users/onkesh/coding_assignment/coding-test-adv/routes/auth.js","statementMap":{"0":{"start":{"line":1,"column":16},"end":{"line":1,"column":34}},"1":{"start":{"line":3,"column":20},"end":{"line":3,"column":46}},"2":{"start":{"line":5,"column":15},"end":{"line":5,"column":31}},"3":{"start":{"line":8,"column":0},"end":{"line":15,"column":3}},"4":{"start":{"line":9,"column":2},"end":{"line":14,"column":3}},"5":{"start":{"line":10,"column":18},"end":{"line":10,"column":40}},"6":{"start":{"line":11,"column":4},"end":{"line":11,"column":27}},"7":{"start":{"line":13,"column":4},"end":{"line":13,"column":31}},"8":{"start":{"line":17,"column":0},"end":{"line":17,"column":24}}},"fnMap":{"0":{"name":"(anonymous_0)","decl":{"start":{"line":8,"column":16},"end":{"line":8,"column":17}},"loc":{"start":{"line":8,"column":36},"end":{"line":15,"column":1}},"line":8}},"branchMap":{},"s":{"0":1,"1":1,"2":1,"3":1,"4":2,"5":2,"6":1,"7":1,"8":1},"f":{"0":2},"b":{},"_coverageSchema":"1a1c01bbd47fc00a2c39e90264f33305004495a9","hash":"984e472c80275b4cd667b7a337d25a206fce9939"}
,"/Users/onkesh/coding_assignment/coding-test-adv/routes/categories.js": {"path":"/Users/onkesh/coding_assignment/coding-test-adv/routes/categories.js","statementMap":{"0":{"start":{"line":2,"column":16},"end":{"line":2,"column":34}},"1":{"start":{"line":3,"column":25},"end":{"line":3,"column":53}},"2":{"start":{"line":4,"column":21},"end":{"line":4,"column":57}},"3":{"start":{"line":5,"column":32},"end":{"line":5,"column":67}},"4":{"start":{"line":6,"column":24},"end":{"line":6,"column":65}},"5":{"start":{"line":8,"column":15},"end":{"line":8,"column":31}},"6":{"start":{"line":10,"column":0},"end":{"line":24,"column":2}},"7":{"start":{"line":17,"column":4},"end":{"line":22,"column":5}},"8":{"start":{"line":18,"column":21},"end":{"line":18,"column":32}},"9":{"start":{"line":19,"column":6},"end":{"line":19,"column":30}},"10":{"start":{"line":21,"column":6},"end":{"line":21,"column":33}},"11":{"start":{"line":26,"column":0},"end":{"line":43,"column":2}},"12":{"start":{"line":36,"column":4},"end":{"line":41,"column":5}},"13":{"start":{"line":37,"column":21},"end":{"line":37,"column":52}},"14":{"start":{"line":38,"column":6},"end":{"line":38,"column":42}},"15":{"start":{"line":40,"column":6},"end":{"line":40,"column":33}},"16":{"start":{"line":45,"column":0},"end":{"line":62,"column":2}},"17":{"start":{"line":55,"column":4},"end":{"line":60,"column":5}},"18":{"start":{"line":56,"column":6},"end":{"line":56,"column":48}},"19":{"start":{"line":57,"column":6},"end":{"line":57,"column":33}},"20":{"start":{"line":59,"column":6},"end":{"line":59,"column":33}},"21":{"start":{"line":64,"column":0},"end":{"line":64,"column":24}}},"fnMap":{"0":{"name":"(anonymous_0)","decl":{"start":{"line":16,"column":2},"end":{"line":16,"column":3}},"loc":{"start":{"line":16,"column":22},"end":{"line":23,"column":3}},"line":16},"1":{"name":"(anonymous_1)","decl":{"start":{"line":35,"column":2},"end":{"line":35,"column":3}},"loc":{"start":{"line":35,"column":22},"end":{"line":42,"column":3}},"line":35},"2":{"name":"(anonymous_2)","decl":{"start":{"line":54,"column":2},"end":{"line":54,"column":3}},"loc":{"start":{"line":54,"column":22},"end":{"line":61,"column":3}},"line":54}},"branchMap":{},"s":{"0":1,"1":1,"2":1,"3":1,"4":1,"5":1,"6":1,"7":2,"8":2,"9":1,"10":1,"11":1,"12":2,"13":2,"14":1,"15":1,"16":1,"17":2,"18":2,"19":1,"20":1,"21":1},"f":{"0":2,"1":2,"2":2},"b":{},"_coverageSchema":"1a1c01bbd47fc00a2c39e90264f33305004495a9","hash":"57e6ee31cbff666eb88928bcf25054e2ae763ff0"}
,"/Users/onkesh/coding_assignment/coding-test-adv/routes/photos.js": {"path":"/Users/onkesh/coding_assignment/coding-test-adv/routes/photos.js","statementMap":{"0":{"start":{"line":2,"column":16},"end":{"line":2,"column":34}},"1":{"start":{"line":3,"column":25},"end":{"line":3,"column":53}},"2":{"start":{"line":4,"column":21},"end":{"line":4,"column":57}},"3":{"start":{"line":5,"column":32},"end":{"line":5,"column":63}},"4":{"start":{"line":6,"column":24},"end":{"line":6,"column":65}},"5":{"start":{"line":7,"column":21},"end":{"line":7,"column":51}},"6":{"start":{"line":9,"column":15},"end":{"line":9,"column":31}},"7":{"start":{"line":11,"column":0},"end":{"line":29,"column":2}},"8":{"start":{"line":20,"column":4},"end":{"line":27,"column":5}},"9":{"start":{"line":21,"column":27},"end":{"line":21,"column":66}},"10":{"start":{"line":22,"column":22},"end":{"line":22,"column":45}},"11":{"start":{"line":23,"column":6},"end":{"line":23,"column":28}},"12":{"start":{"line":24,"column":6},"end":{"line":24,"column":31}},"13":{"start":{"line":26,"column":6},"end":{"line":26,"column":33}},"14":{"start":{"line":31,"column":0},"end":{"line":52,"column":2}},"15":{"start":{"line":45,"column":4},"end":{"line":50,"column":5}},"16":{"start":{"line":46,"column":21},"end":{"line":46,"column":50}},"17":{"start":{"line":47,"column":6},"end":{"line":47,"column":42}},"18":{"start":{"line":49,"column":6},"end":{"line":49,"column":33}},"19":{"start":{"line":54,"column":0},"end":{"line":72,"column":2}},"20":{"start":{"line":64,"column":4},"end":{"line":70,"column":5}},"21":{"start":{"line":65,"column":29},"end":{"line":65,"column":65}},"22":{"start":{"line":66,"column":6},"end":{"line":66,"column":35}},"23":{"start":{"line":67,"column":6},"end":{"line":67,"column":33}},"24":{"start":{"line":69,"column":6},"end":{"line":69,"column":33}},"25":{"start":{"line":73,"column":0},"end":{"line":73,"column":24}}},"fnMap":{"0":{"name":"(anonymous_0)","decl":{"start":{"line":19,"column":2},"end":{"line":19,"column":3}},"loc":{"start":{"line":19,"column":22},"end":{"line":28,"column":3}},"line":19},"1":{"name":"(anonymous_1)","decl":{"start":{"line":44,"column":2},"end":{"line":44,"column":3}},"loc":{"start":{"line":44,"column":22},"end":{"line":51,"column":3}},"line":44},"2":{"name":"(anonymous_2)","decl":{"start":{"line":63,"column":2},"end":{"line":63,"column":3}},"loc":{"start":{"line":63,"column":22},"end":{"line":71,"column":3}},"line":63}},"branchMap":{},"s":{"0":1,"1":1,"2":1,"3":1,"4":1,"5":1,"6":1,"7":1,"8":2,"9":2,"10":2,"11":1,"12":1,"13":1,"14":1,"15":2,"16":2,"17":1,"18":1,"19":1,"20":2,"21":2,"22":2,"23":1,"24":1,"25":1},"f":{"0":2,"1":2,"2":2},"b":{},"_coverageSchema":"1a1c01bbd47fc00a2c39e90264f33305004495a9","hash":"0c85c38ff03a5b52ef262a213ec43570fdcf2e40"}
,"/Users/onkesh/coding_assignment/coding-test-adv/routes/middleware/authenticate.js": {"path":"/Users/onkesh/coding_assignment/coding-test-adv/routes/middleware/authenticate.js","statementMap":{"0":{"start":{"line":1,"column":20},"end":{"line":1,"column":47}},"1":{"start":{"line":9,"column":21},"end":{"line":32,"column":1}},"2":{"start":{"line":10,"column":28},"end":{"line":10,"column":39}},"3":{"start":{"line":13,"column":2},"end":{"line":15,"column":3}},"4":{"start":{"line":14,"column":4},"end":{"line":14,"column":31}},"5":{"start":{"line":17,"column":2},"end":{"line":31,"column":3}},"6":{"start":{"line":19,"column":22},"end":{"line":19,"column":49}},"7":{"start":{"line":21,"column":19},"end":{"line":21,"column":55}},"8":{"start":{"line":23,"column":4},"end":{"line":25,"column":5}},"9":{"start":{"line":24,"column":6},"end":{"line":24,"column":20}},"10":{"start":{"line":27,"column":4},"end":{"line":27,"column":31}},"11":{"start":{"line":30,"column":4},"end":{"line":30,"column":31}},"12":{"start":{"line":34,"column":0},"end":{"line":34,"column":30}}},"fnMap":{"0":{"name":"(anonymous_0)","decl":{"start":{"line":9,"column":21},"end":{"line":9,"column":22}},"loc":{"start":{"line":9,"column":41},"end":{"line":32,"column":1}},"line":9}},"branchMap":{"0":{"loc":{"start":{"line":13,"column":2},"end":{"line":15,"column":3}},"type":"if","locations":[{"start":{"line":13,"column":2},"end":{"line":15,"column":3}},{"start":{},"end":{}}],"line":13},"1":{"loc":{"start":{"line":23,"column":4},"end":{"line":25,"column":5}},"type":"if","locations":[{"start":{"line":23,"column":4},"end":{"line":25,"column":5}},{"start":{},"end":{}}],"line":23}},"s":{"0":1,"1":1,"2":4,"3":4,"4":1,"5":3,"6":3,"7":3,"8":2,"9":1,"10":1,"11":1,"12":1},"f":{"0":4},"b":{"0":[1,3],"1":[1,1]},"_coverageSchema":"1a1c01bbd47fc00a2c39e90264f33305004495a9","hash":"5ecdb49620b29f4667b1efbf5a63e1d2d5b9f85a"}
,"/Users/onkesh/coding_assignment/coding-test-adv/routes/middleware/validationRequest.js": {"path":"/Users/onkesh/coding_assignment/coding-test-adv/routes/middleware/validationRequest.js","statementMap":{"0":{"start":{"line":1,"column":29},"end":{"line":1,"column":57}},"1":{"start":{"line":3,"column":24},"end":{"line":10,"column":1}},"2":{"start":{"line":4,"column":17},"end":{"line":4,"column":46}},"3":{"start":{"line":6,"column":2},"end":{"line":8,"column":3}},"4":{"start":{"line":7,"column":4},"end":{"line":7,"column":44}},"5":{"start":{"line":9,"column":2},"end":{"line":9,"column":16}},"6":{"start":{"line":12,"column":0},"end":{"line":12,"column":33}}},"fnMap":{"0":{"name":"(anonymous_0)","decl":{"start":{"line":3,"column":24},"end":{"line":3,"column":25}},"loc":{"start":{"line":3,"column":44},"end":{"line":10,"column":1}},"line":3}},"branchMap":{"0":{"loc":{"start":{"line":6,"column":2},"end":{"line":8,"column":3}},"type":"if","locations":[{"start":{"line":6,"column":2},"end":{"line":8,"column":3}},{"start":{},"end":{}}],"line":6}},"s":{"0":1,"1":1,"2":2,"3":2,"4":1,"5":1,"6":1},"f":{"0":2},"b":{"0":[1,1]},"_coverageSchema":"1a1c01bbd47fc00a2c39e90264f33305004495a9","hash":"2a33a176e6b0f60ad988984f3a74fc7302cc23a2"}
,"/Users/onkesh/coding_assignment/coding-test-adv/routes/services/auth.js": {"path":"/Users/onkesh/coding_assignment/coding-test-adv/routes/services/auth.js","statementMap":{"0":{"start":{"line":3,"column":12},"end":{"line":3,"column":35}},"1":{"start":{"line":9,"column":17},"end":{"line":18,"column":1}},"2":{"start":{"line":10,"column":2},"end":{"line":17,"column":3}},"3":{"start":{"line":11,"column":4},"end":{"line":13,"column":7}},"4":{"start":{"line":15,"column":4},"end":{"line":15,"column":25}},"5":{"start":{"line":16,"column":4},"end":{"line":16,"column":16}},"6":{"start":{"line":25,"column":22},"end":{"line":32,"column":1}},"7":{"start":{"line":26,"column":2},"end":{"line":31,"column":3}},"8":{"start":{"line":27,"column":4},"end":{"line":27,"column":47}},"9":{"start":{"line":28,"column":4},"end":{"line":28,"column":16}},"10":{"start":{"line":30,"column":4},"end":{"line":30,"column":17}},"11":{"start":{"line":34,"column":0},"end":{"line":34,"column":45}}},"fnMap":{"0":{"name":"(anonymous_0)","decl":{"start":{"line":9,"column":17},"end":{"line":9,"column":18}},"loc":{"start":{"line":9,"column":23},"end":{"line":18,"column":1}},"line":9},"1":{"name":"(anonymous_1)","decl":{"start":{"line":25,"column":22},"end":{"line":25,"column":23}},"loc":{"start":{"line":25,"column":33},"end":{"line":32,"column":1}},"line":25}},"branchMap":{},"s":{"0":1,"1":1,"2":2,"3":2,"4":1,"5":1,"6":1,"7":2,"8":2,"9":1,"10":1,"11":1},"f":{"0":2,"1":2},"b":{},"_coverageSchema":"1a1c01bbd47fc00a2c39e90264f33305004495a9","hash":"115bab42af2adc82629a4fd5cf3949b58de9ef9c"}
,"/Users/onkesh/coding_assignment/coding-test-adv/routes/services/pg/categories.js": {"path":"/Users/onkesh/coding_assignment/coding-test-adv/routes/services/pg/categories.js","statementMap":{"0":{"start":{"line":2,"column":29},"end":{"line":2,"column":52}},"1":{"start":{"line":16,"column":15},"end":{"line":38,"column":1}},"2":{"start":{"line":19,"column":2},"end":{"line":37,"column":3}},"3":{"start":{"line":20,"column":4},"end":{"line":20,"column":31}},"4":{"start":{"line":24,"column":6},"end":{"line":24,"column":71}},"5":{"start":{"line":25,"column":19},"end":{"line":25,"column":29}},"6":{"start":{"line":26,"column":19},"end":{"line":26,"column":60}},"7":{"start":{"line":27,"column":4},"end":{"line":29,"column":5}},"8":{"start":{"line":28,"column":6},"end":{"line":28,"column":57}},"9":{"start":{"line":31,"column":4},"end":{"line":31,"column":26}},"10":{"start":{"line":33,"column":4},"end":{"line":33,"column":25}},"11":{"start":{"line":34,"column":4},"end":{"line":34,"column":16}},"12":{"start":{"line":36,"column":4},"end":{"line":36,"column":22}},"13":{"start":{"line":44,"column":12},"end":{"line":58,"column":1}},"14":{"start":{"line":46,"column":2},"end":{"line":57,"column":3}},"15":{"start":{"line":47,"column":4},"end":{"line":47,"column":31}},"16":{"start":{"line":48,"column":21},"end":{"line":48,"column":54}},"17":{"start":{"line":50,"column":19},"end":{"line":50,"column":49}},"18":{"start":{"line":51,"column":4},"end":{"line":51,"column":23}},"19":{"start":{"line":53,"column":4},"end":{"line":53,"column":25}},"20":{"start":{"line":54,"column":4},"end":{"line":54,"column":16}},"21":{"start":{"line":56,"column":4},"end":{"line":56,"column":22}},"22":{"start":{"line":64,"column":15},"end":{"line":86,"column":1}},"23":{"start":{"line":69,"column":2},"end":{"line":85,"column":3}},"24":{"start":{"line":70,"column":4},"end":{"line":70,"column":31}},"25":{"start":{"line":72,"column":4},"end":{"line":72,"column":34}},"26":{"start":{"line":73,"column":24},"end":{"line":73,"column":74}},"27":{"start":{"line":74,"column":4},"end":{"line":74,"column":47}},"28":{"start":{"line":76,"column":29},"end":{"line":76,"column":74}},"29":{"start":{"line":77,"column":4},"end":{"line":77,"column":52}},"30":{"start":{"line":78,"column":4},"end":{"line":78,"column":35}},"31":{"start":{"line":80,"column":4},"end":{"line":80,"column":37}},"32":{"start":{"line":81,"column":4},"end":{"line":81,"column":25}},"33":{"start":{"line":82,"column":4},"end":{"line":82,"column":16}},"34":{"start":{"line":84,"column":4},"end":{"line":84,"column":22}},"35":{"start":{"line":88,"column":0},"end":{"line":88,"column":24}},"36":{"start":{"line":89,"column":0},"end":{"line":89,"column":18}},"37":{"start":{"line":90,"column":0},"end":{"line":90,"column":24}}},"fnMap":{"0":{"name":"(anonymous_0)","decl":{"start":{"line":16,"column":15},"end":{"line":16,"column":16}},"loc":{"start":{"line":16,"column":35},"end":{"line":38,"column":1}},"line":16},"1":{"name":"(anonymous_1)","decl":{"start":{"line":44,"column":12},"end":{"line":44,"column":13}},"loc":{"start":{"line":44,"column":24},"end":{"line":58,"column":1}},"line":44},"2":{"name":"(anonymous_2)","decl":{"start":{"line":64,"column":15},"end":{"line":64,"column":16}},"loc":{"start":{"line":64,"column":32},"end":{"line":86,"column":1}},"line":64}},"branchMap":{"0":{"loc":{"start":{"line":27,"column":4},"end":{"line":29,"column":5}},"type":"if","locations":[{"start":{"line":27,"column":4},"end":{"line":29,"column":5}},{"start":{},"end":{}}],"line":27}},"s":{"0":7,"1":7,"2":3,"3":3,"4":3,"5":3,"6":3,"7":2,"8":1,"9":1,"10":2,"11":2,"12":3,"13":7,"14":2,"15":2,"16":2,"17":2,"18":1,"19":1,"20":1,"21":2,"22":7,"23":2,"24":2,"25":2,"26":2,"27":2,"28":1,"29":1,"30":1,"31":1,"32":1,"33":1,"34":2,"35":7,"36":7,"37":7},"f":{"0":3,"1":2,"2":2},"b":{"0":[1,1]},"_coverageSchema":"1a1c01bbd47fc00a2c39e90264f33305004495a9","hash":"7d403d8f9053da1398b882d7cc0dd8e5ec3ad8d3"}
,"/Users/onkesh/coding_assignment/coding-test-adv/routes/services/pg/connection.js": {"path":"/Users/onkesh/coding_assignment/coding-test-adv/routes/services/pg/connection.js","statementMap":{"0":{"start":{"line":2,"column":17},"end":{"line":2,"column":30}},"1":{"start":{"line":7,"column":16},"end":{"line":18,"column":1}},"2":{"start":{"line":9,"column":2},"end":{"line":15,"column":3}},"3":{"start":{"line":11,"column":4},"end":{"line":11,"column":26}},"4":{"start":{"line":13,"column":4},"end":{"line":13,"column":22}},"5":{"start":{"line":14,"column":4},"end":{"line":14,"column":26}},"6":{"start":{"line":17,"column":2},"end":{"line":17,"column":24}},"7":{"start":{"line":24,"column":16},"end":{"line":28,"column":1}},"8":{"start":{"line":25,"column":2},"end":{"line":27,"column":3}},"9":{"start":{"line":26,"column":4},"end":{"line":26,"column":21}},"10":{"start":{"line":30,"column":0},"end":{"line":30,"column":26}},"11":{"start":{"line":31,"column":0},"end":{"line":31,"column":26}}},"fnMap":{"0":{"name":"(anonymous_0)","decl":{"start":{"line":7,"column":16},"end":{"line":7,"column":17}},"loc":{"start":{"line":7,"column":28},"end":{"line":18,"column":1}},"line":7},"1":{"name":"(anonymous_1)","decl":{"start":{"line":24,"column":16},"end":{"line":24,"column":17}},"loc":{"start":{"line":24,"column":28},"end":{"line":28,"column":1}},"line":24}},"branchMap":{"0":{"loc":{"start":{"line":9,"column":2},"end":{"line":15,"column":3}},"type":"if","locations":[{"start":{"line":9,"column":2},"end":{"line":15,"column":3}},{"start":{"line":12,"column":9},"end":{"line":15,"column":3}}],"line":9},"1":{"loc":{"start":{"line":25,"column":2},"end":{"line":27,"column":3}},"type":"if","locations":[{"start":{"line":25,"column":2},"end":{"line":27,"column":3}},{"start":{},"end":{}}],"line":25}},"s":{"0":1,"1":1,"2":2,"3":1,"4":1,"5":1,"6":2,"7":1,"8":2,"9":1,"10":1,"11":1},"f":{"0":2,"1":2},"b":{"0":[1,1],"1":[1,1]},"_coverageSchema":"1a1c01bbd47fc00a2c39e90264f33305004495a9","hash":"e6fdb9bb3c34672e231cd3e1ab679fb5a29f8e2b"}
,"/Users/onkesh/coding_assignment/coding-test-adv/routes/services/pg/photos.js": {"path":"/Users/onkesh/coding_assignment/coding-test-adv/routes/services/pg/photos.js","statementMap":{"0":{"start":{"line":3,"column":15},"end":{"line":3,"column":35}},"1":{"start":{"line":4,"column":29},"end":{"line":4,"column":52}},"2":{"start":{"line":26,"column":15},"end":{"line":51,"column":1}},"3":{"start":{"line":28,"column":2},"end":{"line":50,"column":3}},"4":{"start":{"line":29,"column":4},"end":{"line":29,"column":31}},"5":{"start":{"line":31,"column":19},"end":{"line":31,"column":76}},"6":{"start":{"line":31,"column":43},"end":{"line":31,"column":75}},"7":{"start":{"line":34,"column":24},"end":{"line":37,"column":5}},"8":{"start":{"line":39,"column":19},"end":{"line":39,"column":52}},"9":{"start":{"line":40,"column":4},"end":{"line":42,"column":5}},"10":{"start":{"line":41,"column":6},"end":{"line":41,"column":57}},"11":{"start":{"line":44,"column":4},"end":{"line":44,"column":23}},"12":{"start":{"line":46,"column":4},"end":{"line":46,"column":25}},"13":{"start":{"line":47,"column":4},"end":{"line":47,"column":16}},"14":{"start":{"line":49,"column":4},"end":{"line":49,"column":22}},"15":{"start":{"line":58,"column":12},"end":{"line":78,"column":1}},"16":{"start":{"line":60,"column":2},"end":{"line":77,"column":3}},"17":{"start":{"line":61,"column":4},"end":{"line":61,"column":31}},"18":{"start":{"line":63,"column":20},"end":{"line":63,"column":22}},"19":{"start":{"line":64,"column":4},"end":{"line":66,"column":5}},"20":{"start":{"line":64,"column":17},"end":{"line":64,"column":18}},"21":{"start":{"line":65,"column":6},"end":{"line":65,"column":28}},"22":{"start":{"line":68,"column":21},"end":{"line":69,"column":48}},"23":{"start":{"line":70,"column":19},"end":{"line":70,"column":62}},"24":{"start":{"line":71,"column":4},"end":{"line":71,"column":23}},"25":{"start":{"line":73,"column":4},"end":{"line":73,"column":25}},"26":{"start":{"line":74,"column":4},"end":{"line":74,"column":16}},"27":{"start":{"line":76,"column":4},"end":{"line":76,"column":22}},"28":{"start":{"line":84,"column":15},"end":{"line":102,"column":1}},"29":{"start":{"line":85,"column":19},"end":{"line":85,"column":34}},"30":{"start":{"line":87,"column":18},"end":{"line":87,"column":20}},"31":{"start":{"line":88,"column":2},"end":{"line":90,"column":3}},"32":{"start":{"line":88,"column":15},"end":{"line":88,"column":16}},"33":{"start":{"line":89,"column":4},"end":{"line":89,"column":26}},"34":{"start":{"line":92,"column":2},"end":{"line":101,"column":3}},"35":{"start":{"line":93,"column":24},"end":{"line":94,"column":38}},"36":{"start":{"line":95,"column":4},"end":{"line":95,"column":48}},"37":{"start":{"line":97,"column":4},"end":{"line":97,"column":25}},"38":{"start":{"line":98,"column":4},"end":{"line":98,"column":16}},"39":{"start":{"line":100,"column":4},"end":{"line":100,"column":22}},"40":{"start":{"line":104,"column":0},"end":{"line":104,"column":24}},"41":{"start":{"line":105,"column":0},"end":{"line":105,"column":18}},"42":{"start":{"line":106,"column":0},"end":{"line":106,"column":24}}},"fnMap":{"0":{"name":"(anonymous_0)","decl":{"start":{"line":26,"column":15},"end":{"line":26,"column":16}},"loc":{"start":{"line":26,"column":36},"end":{"line":51,"column":1}},"line":26},"1":{"name":"(anonymous_1)","decl":{"start":{"line":31,"column":33},"end":{"line":31,"column":34}},"loc":{"start":{"line":31,"column":43},"end":{"line":31,"column":75}},"line":31},"2":{"name":"(anonymous_2)","decl":{"start":{"line":58,"column":12},"end":{"line":58,"column":13}},"loc":{"start":{"line":58,"column":35},"end":{"line":78,"column":1}},"line":58},"3":{"name":"(anonymous_3)","decl":{"start":{"line":84,"column":15},"end":{"line":84,"column":16}},"loc":{"start":{"line":84,"column":35},"end":{"line":102,"column":1}},"line":84}},"branchMap":{"0":{"loc":{"start":{"line":40,"column":4},"end":{"line":42,"column":5}},"type":"if","locations":[{"start":{"line":40,"column":4},"end":{"line":42,"column":5}},{"start":{},"end":{}}],"line":40}},"s":{"0":1,"1":1,"2":1,"3":3,"4":3,"5":3,"6":3,"7":3,"8":3,"9":2,"10":1,"11":1,"12":2,"13":2,"14":3,"15":1,"16":2,"17":2,"18":2,"19":2,"20":2,"21":2,"22":2,"23":2,"24":1,"25":1,"26":1,"27":2,"28":1,"29":2,"30":2,"31":2,"32":2,"33":2,"34":2,"35":2,"36":2,"37":1,"38":1,"39":2,"40":1,"41":1,"42":1},"f":{"0":3,"1":3,"2":2,"3":2},"b":{"0":[1,1]},"_coverageSchema":"1a1c01bbd47fc00a2c39e90264f33305004495a9","hash":"f92f241168fb9f157c17801d70284e60bdda6a5f"}
,"/Users/onkesh/coding_assignment/coding-test-adv/routes/util/shuffleArray.js": {"path":"/Users/onkesh/coding_assignment/coding-test-adv/routes/util/shuffleArray.js","statementMap":{"0":{"start":{"line":5,"column":21},"end":{"line":15,"column":1}},"1":{"start":{"line":6,"column":22},"end":{"line":6,"column":27}},"2":{"start":{"line":7,"column":2},"end":{"line":12,"column":3}},"3":{"start":{"line":7,"column":15},"end":{"line":7,"column":37}},"4":{"start":{"line":8,"column":14},"end":{"line":8,"column":49}},"5":{"start":{"line":9,"column":17},"end":{"line":9,"column":31}},"6":{"start":{"line":10,"column":4},"end":{"line":10,"column":36}},"7":{"start":{"line":11,"column":4},"end":{"line":11,"column":26}},"8":{"start":{"line":14,"column":2},"end":{"line":14,"column":21}},"9":{"start":{"line":17,"column":0},"end":{"line":17,"column":30}}},"fnMap":{"0":{"name":"(anonymous_0)","decl":{"start":{"line":5,"column":21},"end":{"line":5,"column":22}},"loc":{"start":{"line":5,"column":32},"end":{"line":15,"column":1}},"line":5}},"branchMap":{},"s":{"0":1,"1":1,"2":1,"3":1,"4":4,"5":4,"6":4,"7":4,"8":1,"9":1},"f":{"0":1},"b":{},"_coverageSchema":"1a1c01bbd47fc00a2c39e90264f33305004495a9","hash":"d441a61923f2d3326a3a2742de81896d79960c68"}
}
