TN:
SF:routes/animal.js
FNF:0
FNH:0
DA:1,1
DA:3,1
DA:4,1
DA:6,1
DA:9,1
DA:10,1
DA:12,1
LF:7
LH:7
BRF:0
BRH:0
end_of_record
TN:
SF:routes/auth.js
FN:8,(anonymous_0)
FNF:1
FNH:1
FNDA:2,(anonymous_0)
DA:1,1
DA:3,1
DA:5,1
DA:8,1
DA:9,2
DA:10,2
DA:11,1
DA:13,1
DA:17,1
LF:9
LH:9
BRF:0
BRH:0
end_of_record
TN:
SF:routes/categories.js
FN:16,(anonymous_0)
FN:35,(anonymous_1)
FN:54,(anonymous_2)
FNF:3
FNH:3
FNDA:2,(anonymous_0)
FNDA:2,(anonymous_1)
FNDA:2,(anonymous_2)
DA:2,1
DA:3,1
DA:4,1
DA:5,1
DA:6,1
DA:8,1
DA:10,1
DA:17,2
DA:18,2
DA:19,1
DA:21,1
DA:26,1
DA:36,2
DA:37,2
DA:38,1
DA:40,1
DA:45,1
DA:55,2
DA:56,2
DA:57,1
DA:59,1
DA:64,1
LF:22
LH:22
BRF:0
BRH:0
end_of_record
TN:
SF:routes/photos.js
FN:19,(anonymous_0)
FN:44,(anonymous_1)
FN:63,(anonymous_2)
FNF:3
FNH:3
FNDA:2,(anonymous_0)
FNDA:2,(anonymous_1)
FNDA:2,(anonymous_2)
DA:2,1
DA:3,1
DA:4,1
DA:5,1
DA:6,1
DA:7,1
DA:9,1
DA:11,1
DA:20,2
DA:21,2
DA:22,2
DA:23,1
DA:24,1
DA:26,1
DA:31,1
DA:45,2
DA:46,2
DA:47,1
DA:49,1
DA:54,1
DA:64,2
DA:65,2
DA:66,2
DA:67,1
DA:69,1
DA:73,1
LF:26
LH:26
BRF:0
BRH:0
end_of_record
TN:
SF:routes/middleware/authenticate.js
FN:9,(anonymous_0)
FNF:1
FNH:1
FNDA:4,(anonymous_0)
DA:1,1
DA:9,1
DA:10,4
DA:13,4
DA:14,1
DA:17,3
DA:19,3
DA:21,3
DA:23,2
DA:24,1
DA:27,1
DA:30,1
DA:34,1
LF:13
LH:13
BRDA:13,0,0,1
BRDA:13,0,1,3
BRDA:23,1,0,1
BRDA:23,1,1,1
BRF:4
BRH:4
end_of_record
TN:
SF:routes/middleware/validationRequest.js
FN:3,(anonymous_0)
FNF:1
FNH:1
FNDA:2,(anonymous_0)
DA:1,1
DA:3,1
DA:4,2
DA:6,2
DA:7,1
DA:9,1
DA:12,1
LF:7
LH:7
BRDA:6,0,0,1
BRDA:6,0,1,1
BRF:2
BRH:2
end_of_record
TN:
SF:routes/services/auth.js
FN:9,(anonymous_0)
FN:25,(anonymous_1)
FNF:2
FNH:2
FNDA:2,(anonymous_0)
FNDA:2,(anonymous_1)
DA:3,1
DA:9,1
DA:10,2
DA:11,2
DA:15,1
DA:16,1
DA:25,1
DA:26,2
DA:27,2
DA:28,1
DA:30,1
DA:34,1
LF:12
LH:12
BRF:0
BRH:0
end_of_record
TN:
SF:routes/services/pg/categories.js
FN:16,(anonymous_0)
FN:44,(anonymous_1)
FN:64,(anonymous_2)
FNF:3
FNH:3
FNDA:3,(anonymous_0)
FNDA:2,(anonymous_1)
FNDA:2,(anonymous_2)
DA:2,7
DA:16,7
DA:19,3
DA:20,3
DA:24,3
DA:25,3
DA:26,3
DA:27,2
DA:28,1
DA:31,1
DA:33,2
DA:34,2
DA:36,3
DA:44,7
DA:46,2
DA:47,2
DA:48,2
DA:50,2
DA:51,1
DA:53,1
DA:54,1
DA:56,2
DA:64,7
DA:69,2
DA:70,2
DA:72,2
DA:73,2
DA:74,2
DA:76,1
DA:77,1
DA:78,1
DA:80,1
DA:81,1
DA:82,1
DA:84,2
DA:88,7
DA:89,7
DA:90,7
LF:38
LH:38
BRDA:27,0,0,1
BRDA:27,0,1,1
BRF:2
BRH:2
end_of_record
TN:
SF:routes/services/pg/connection.js
FN:7,(anonymous_0)
FN:24,(anonymous_1)
FNF:2
FNH:2
FNDA:2,(anonymous_0)
FNDA:2,(anonymous_1)
DA:2,1
DA:7,1
DA:9,2
DA:11,1
DA:13,1
DA:14,1
DA:17,2
DA:24,1
DA:25,2
DA:26,1
DA:30,1
DA:31,1
LF:12
LH:12
BRDA:9,0,0,1
BRDA:9,0,1,1
BRDA:25,1,0,1
BRDA:25,1,1,1
BRF:4
BRH:4
end_of_record
TN:
SF:routes/services/pg/photos.js
FN:26,(anonymous_0)
FN:31,(anonymous_1)
FN:58,(anonymous_2)
FN:84,(anonymous_3)
FNF:4
FNH:4
FNDA:3,(anonymous_0)
FNDA:3,(anonymous_1)
FNDA:2,(anonymous_2)
FNDA:2,(anonymous_3)
DA:3,1
DA:4,1
DA:26,1
DA:28,3
DA:29,3
DA:31,3
DA:34,3
DA:39,3
DA:40,2
DA:41,1
DA:44,1
DA:46,2
DA:47,2
DA:49,3
DA:58,1
DA:60,2
DA:61,2
DA:63,2
DA:64,2
DA:65,2
DA:68,2
DA:70,2
DA:71,1
DA:73,1
DA:74,1
DA:76,2
DA:84,1
DA:85,2
DA:87,2
DA:88,2
DA:89,2
DA:92,2
DA:93,2
DA:95,2
DA:97,1
DA:98,1
DA:100,2
DA:104,1
DA:105,1
DA:106,1
LF:40
LH:40
BRDA:40,0,0,1
BRDA:40,0,1,1
BRF:2
BRH:2
end_of_record
TN:
SF:routes/util/shuffleArray.js
FN:5,(anonymous_0)
FNF:1
FNH:1
FNDA:1,(anonymous_0)
DA:5,1
DA:6,1
DA:7,1
DA:8,4
DA:9,4
DA:10,4
DA:11,4
DA:14,1
DA:17,1
LF:9
LH:9
BRF:0
BRH:0
end_of_record
